\BOOKMARK [1][-]{section.1}{Project Description}{}% 1
\BOOKMARK [1][-]{section.2}{Use Cases}{}% 2
\BOOKMARK [2][-]{subsection.2.1}{Participation Optional}{section.2}% 3
\BOOKMARK [2][-]{subsection.2.2}{Participation Required}{section.2}% 4
\BOOKMARK [2][-]{subsection.2.3}{Live Q/A}{section.2}% 5
\BOOKMARK [2][-]{subsection.2.4}{Justification}{section.2}% 6
\BOOKMARK [2][-]{subsection.2.5}{Error scenarios and possible solutions}{section.2}% 7
\BOOKMARK [1][-]{section.3}{Planning}{}% 8
\BOOKMARK [2][-]{subsection.3.1}{Milestones}{section.3}% 9
\BOOKMARK [3][-]{subsubsection.3.1.1}{Database:}{subsection.3.1}% 10
\BOOKMARK [3][-]{subsubsection.3.1.2}{Basic Layout and Functionality:}{subsection.3.1}% 11
\BOOKMARK [2][-]{subsection.3.2}{Tasks}{section.3}% 12
\BOOKMARK [3][-]{subsubsection.3.2.1}{Entity Relationship Diagram \(ERD\):}{subsection.3.2}% 13
\BOOKMARK [3][-]{subsubsection.3.2.2}{Site Map:}{subsection.3.2}% 14
\BOOKMARK [3][-]{subsubsection.3.2.3}{Implement Database:}{subsection.3.2}% 15
\BOOKMARK [3][-]{subsubsection.3.2.4}{Basic Layout \(HTML\):}{subsection.3.2}% 16
\BOOKMARK [3][-]{subsubsection.3.2.5}{Basic Login Screen:}{subsection.3.2}% 17
\BOOKMARK [3][-]{subsubsection.3.2.6}{Basic User Interface:}{subsection.3.2}% 18
\BOOKMARK [3][-]{subsubsection.3.2.7}{User-Forum Interaction:}{subsection.3.2}% 19
\BOOKMARK [3][-]{subsubsection.3.2.8}{User Security:}{subsection.3.2}% 20
\BOOKMARK [3][-]{subsubsection.3.2.9}{Make Everything Pretty:}{subsection.3.2}% 21
\BOOKMARK [2][-]{subsection.3.3}{Schedule}{section.3}% 22
\BOOKMARK [2][-]{subsection.3.4}{Project Tracking}{section.3}% 23
\BOOKMARK [2][-]{subsection.3.5}{Risk Management}{section.3}% 24
\BOOKMARK [1][-]{section.4}{Meeting Report}{}% 25
